/htdocs/ncdsr/index.php:34:Entrei
entrei no request.class
terminei import do request.class
entrei no request.class
terminei import do request.class
entrei no request.class
terminei import do request.class
entrei no request.class
terminei import do request.class
entrei no request.class
terminei import do request.class
entrei no request.class
terminei import do request.class
entrei no request.class
terminei import do request.class
number of users: 1Number of addresses:2 AddrId =  Address: 
entrei no request.class
terminei import do request.class
number of users: 1Number of addresses:2 AddrId =  Address: 
Executing in catalog: /usr/bin/wget -b -a /htdocs/ncdsr/logs/wget.log -O /htdocs/ncdsr/logs/wgetExec_890078log http://saci.dgi.inpe.br/intranet/producao/manager/requestDispatcher.php\?reqId=890078 &
entrei no request.class
terminei import do request.class
entrei no request.class
terminei import do request.class
entrei no request.class
terminei import do request.class
entrei no request.class
terminei import do request.class
entrei no request.class
terminei import do request.class
entrei no request.class
terminei import do request.class
entrei no request.class
terminei import do request.class
number of users: 1Number of addresses:2 AddrId =  Address: 
entrei no request.class
terminei import do request.class
number of users: 1Number of addresses:2 AddrId =  Address: 
Executing in catalog: /usr/bin/wget -b -a /htdocs/ncdsr/logs/wget.log -O /htdocs/ncdsr/logs/wgetExec_890079log http://saci.dgi.inpe.br/intranet/producao/manager/requestDispatcher.php\?reqId=890079 &
/htdocs/ncdsr/index.php:34:Entrei
/htdocs/ncdsr/index.php:34:Entrei
/htdocs/ncdsr/index.php:34:Entrei
/htdocs/ncdsr/index.php:34:Entrei
/htdocs/ncdsr/index.php:34:Entrei
entrei no request.class
terminei import do request.class
entrei no request.class
terminei import do request.class
entrei no request.class
terminei import do request.class
entrei no request.class
terminei import do request.class
/htdocs/ncdsr/index.php:34:Entrei
/htdocs/ncdsr/index.php:34:Entrei
/htdocs/ncdsr/index.php:34:Entrei
entrei no request.class
terminei import do request.class
/htdocs/ncdsr/index.php:34:Entrei
/htdocs/ncdsr/index.php:34:Entrei
/htdocs/ncdsr/index.php:34:Entrei
/htdocs/ncdsr/index.php:34:Entrei
/htdocs/ncdsr/index.php:34:Entrei
/htdocs/ncdsr/index.php:34:Entrei
/htdocs/ncdsr/index.php:34:Entrei
/htdocs/ncdsr/index.php:34:Entrei
/htdocs/ncdsr/index.php:34:Entrei
/htdocs/ncdsr/index.php:34:Entrei
/htdocs/ncdsr/index.php:34:Entrei
/htdocs/ncdsr/index.php:34:Entrei
/htdocs/ncdsr/index.php:34:Entrei
/htdocs/ncdsr/index.php:34:Entrei
/htdocs/ncdsr/index.php:34:Entrei
/htdocs/ncdsr/index.php:34:Entrei
/htdocs/ncdsr/index.php:34:Entrei
/htdocs/ncdsr/index.php:34:Entrei
/htdocs/ncdsr/index.php:34:Entrei
/htdocs/ncdsr/index.php:34:Entrei
/htdocs/ncdsr/index.php:34:Entrei
/htdocs/ncdsr/index.php:34:Entrei
/htdocs/ncdsr/index.php:34:Entrei
/htdocs/ncdsr/index.php:34:Entrei
/htdocs/ncdsr/index.php:34:Entrei
/htdocs/ncdsr/index.php:34:Entrei
/htdocs/ncdsr/index.php:34:Entrei
/htdocs/ncdsr/index.php:34:Entrei
/htdocs/ncdsr/index.php:34:Entrei
/htdocs/ncdsr/index.php:34:Entrei
/htdocs/ncdsr/index.php:34:Entrei
/htdocs/ncdsr/index.php:34:Entrei
/htdocs/ncdsr/index.php:34:Entrei
/htdocs/ncdsr/index.php:34:Entrei
entrei no request.class
terminei import do request.class
/htdocs/ncdsr/index.php:34:Entrei
/htdocs/ncdsr/index.php:34:Entrei
entrei no request.class
terminei import do request.class
/htdocs/ncdsr/index.php:34:Entrei
entrei no request.class
terminei import do request.class
/htdocs/ncdsr/index.php:34:Entrei
entrei no request.class
terminei import do request.class
entrei no request.class
terminei import do request.class
entrei no request.class
terminei import do request.class
entrei no request.class
terminei import do request.class
entrei no request.class
terminei import do request.class
/htdocs/ncdsr/index.php:34:Entrei
entrei no request.class
terminei import do request.class
entrei no request.class
terminei import do request.class
entrei no request.class
terminei import do request.class
number of users: 1Number of addresses:2 AddrId =  Address: 
entrei no request.class
terminei import do request.class
number of users: 1Number of addresses:2 AddrId =  Address: 
Executing in catalog: /usr/bin/wget -b -a /htdocs/ncdsr/logs/wget.log -O /htdocs/ncdsr/logs/wgetExec_890080log http://saci.dgi.inpe.br/intranet/producao/manager/requestDispatcher.php\?reqId=890080 &
entrei no request.class
terminei import do request.class
entrei no request.class
terminei import do request.class
entrei no request.class
terminei import do request.class
/htdocs/ncdsr/index.php:34:Entrei
entrei no request.class
terminei import do request.class
entrei no request.class
terminei import do request.class
entrei no request.class
terminei import do request.class
/htdocs/ncdsr/index.php:34:Entrei
entrei no request.class
terminei import do request.class
/htdocs/ncdsr/index.php:34:Entrei
/htdocs/ncdsr/index.php:34:Entrei
/htdocs/ncdsr/index.php:34:Entrei
entrei no request.class
terminei import do request.class
/htdocs/ncdsr/index.php:34:Entrei
entrei no request.class
terminei import do request.class
entrei no request.class
terminei import do request.class
entrei no request.class
terminei import do request.class
/htdocs/ncdsr/index.php:34:Entrei
/htdocs/ncdsr/index.php:34:Entrei
/htdocs/ncdsr/index.php:34:Entrei
/htdocs/ncdsr/index.php:34:Entrei
/htdocs/ncdsr/index.php:34:Entrei
entrei no request.class
terminei import do request.class
entrei no request.class
terminei import do request.class
entrei no request.class
terminei import do request.class
entrei no request.class
terminei import do request.class
/htdocs/ncdsr/index.php:34:Entrei
entrei no request.class
terminei import do request.class
/htdocs/ncdsr/index.php:34:Entrei
entrei no request.class
terminei import do request.class
entrei no request.class
terminei import do request.class
entrei no request.class
terminei import do request.class
entrei no request.class
terminei import do request.class
entrei no request.class
terminei import do request.class
entrei no request.class
terminei import do request.class
entrei no request.class
terminei import do request.class
entrei no request.class
terminei import do request.class
entrei no request.class
terminei import do request.class
entrei no request.class
terminei import do request.class
entrei no request.class
terminei import do request.class
entrei no request.class
terminei import do request.class
entrei no request.class
terminei import do request.class
entrei no request.class
terminei import do request.class
entrei no request.class
terminei import do request.class
entrei no request.class
terminei import do request.class
entrei no request.class
terminei import do request.class
entrei no request.class
terminei import do request.class
entrei no request.class
terminei import do request.class
entrei no request.class
terminei import do request.class
number of users: 1Number of addresses:2 AddrId =  Address: 
entrei no request.class
terminei import do request.class
number of users: 1Number of addresses:2 AddrId =  Address: 
Executing in catalog: /usr/bin/wget -b -a /htdocs/ncdsr/logs/wget.log -O /htdocs/ncdsr/logs/wgetExec_890081log http://saci.dgi.inpe.br/intranet/producao/manager/requestDispatcher.php\?reqId=890081 &
entrei no request.class
terminei import do request.class
entrei no request.class
terminei import do request.class
entrei no request.class
terminei import do request.class
entrei no request.class
terminei import do request.class
/htdocs/ncdsr/index.php:34:Entrei
/htdocs/ncdsr/index.php:34:Entrei
entrei no request.class
terminei import do request.class
entrei no request.class
terminei import do request.class
entrei no request.class
terminei import do request.class
entrei no request.class
terminei import do request.class
entrei no request.class
terminei import do request.class
entrei no request.class
terminei import do request.class
entrei no request.class
terminei import do request.class
entrei no request.class
terminei import do request.class
entrei no request.class
terminei import do request.class
entrei no request.class
terminei import do request.class
entrei no request.class
terminei import do request.class
entrei no request.class
terminei import do request.class
entrei no request.class
terminei import do request.class
entrei no request.class
terminei import do request.class
entrei no request.class
terminei import do request.class
entrei no request.class
terminei import do request.class
entrei no request.class
terminei import do request.class
number of users: 1Number of addresses:2 AddrId =  Address: 
entrei no request.class
terminei import do request.class
number of users: 1Number of addresses:2 AddrId =  Address: 
Executing in catalog: /usr/bin/wget -b -a /htdocs/ncdsr/logs/wget.log -O /htdocs/ncdsr/logs/wgetExec_890082log http://saci.dgi.inpe.br/intranet/producao/manager/requestDispatcher.php\?reqId=890082 &
entrei no request.class
terminei import do request.class
entrei no request.class
terminei import do request.class
entrei no request.class
terminei import do request.class
entrei no request.class
terminei import do request.class
entrei no request.class
terminei import do request.class
number of users: 1Number of addresses:2 AddrId =  Address: 
entrei no request.class
terminei import do request.class
number of users: 1Number of addresses:2 AddrId =  Address: 
Executing in catalog: /usr/bin/wget -b -a /htdocs/ncdsr/logs/wget.log -O /htdocs/ncdsr/logs/wgetExec_890083log http://saci.dgi.inpe.br/intranet/producao/manager/requestDispatcher.php\?reqId=890083 &
/htdocs/ncdsr/index.php:34:Entrei
/htdocs/ncdsr/index.php:34:Entrei
entrei no request.class
terminei import do request.class
entrei no request.class
terminei import do request.class
entrei no request.class
terminei import do request.class
entrei no request.class
terminei import do request.class
entrei no request.class
terminei import do request.class
number of users: 1Number of addresses:2 AddrId =  Address: 
entrei no request.class
terminei import do request.class
number of users: 1Number of addresses:2 AddrId =  Address: 
Executing in catalog: /usr/bin/wget -b -a /htdocs/ncdsr/logs/wget.log -O /htdocs/ncdsr/logs/wgetExec_890084log http://saci.dgi.inpe.br/intranet/producao/manager/requestDispatcher.php\?reqId=890084 &
/htdocs/ncdsr/index.php:34:Entrei
/htdocs/ncdsr/index.php:34:Entrei
/htdocs/ncdsr/index.php:34:Entrei
/htdocs/ncdsr/index.php:34:Entrei
/htdocs/ncdsr/index.php:34:Entrei
/htdocs/ncdsr/index.php:34:Entrei
/htdocs/ncdsr/index.php:34:Entrei
/htdocs/ncdsr/index.php:34:Entrei
/htdocs/ncdsr/index.php:34:Entrei
/htdocs/ncdsr/index.php:34:Entrei
/htdocs/ncdsr/index.php:34:Entrei
/htdocs/ncdsr/index.php:34:Entrei
/htdocs/ncdsr/index.php:34:Entrei
/htdocs/ncdsr/index.php:34:Entrei
/htdocs/ncdsr/index.php:34:Entrei
/htdocs/ncdsr/index.php:34:Entrei
/htdocs/ncdsr/index.php:34:Entrei
/htdocs/ncdsr/index.php:34:Entrei
/htdocs/ncdsr/index.php:34:Entrei
/htdocs/ncdsr/index.php:34:Entrei
/htdocs/ncdsr/index.php:34:Entrei
/htdocs/ncdsr/index.php:34:Entrei
/htdocs/ncdsr/index.php:34:Entrei
/htdocs/ncdsr/index.php:34:Entrei
/htdocs/ncdsr/index.php:34:Entrei
entrei no request.class
terminei import do request.class
entrei no request.class
terminei import do request.class
entrei no request.class
terminei import do request.class
entrei no request.class
terminei import do request.class
entrei no request.class
terminei import do request.class
entrei no request.class
terminei import do request.class
entrei no request.class
terminei import do request.class
entrei no request.class
terminei import do request.class
entrei no request.class
terminei import do request.class
/htdocs/ncdsr/index.php:34:Entrei
/htdocs/ncdsr/index.php:34:Entrei
entrei no request.class
terminei import do request.class
entrei no request.class
terminei import do request.class
entrei no request.class
terminei import do request.class
entrei no request.class
terminei import do request.class
entrei no request.class
terminei import do request.class
entrei no request.class
terminei import do request.class
entrei no request.class
terminei import do request.class
entrei no request.class
terminei import do request.class
/htdocs/ncdsr/index.php:34:Entrei
/htdocs/ncdsr/index.php:34:Entrei
/htdocs/ncdsr/index.php:34:Entrei
entrei no request.class
terminei import do request.class
entrei no request.class
terminei import do request.class
entrei no request.class
terminei import do request.class
entrei no request.class
terminei import do request.class
number of users: 1Number of addresses:2 AddrId =  Address: 
entrei no request.class
terminei import do request.class
number of users: 1Number of addresses:2 AddrId =  Address: 
Executing in catalog: /usr/bin/wget -b -a /htdocs/ncdsr/logs/wget.log -O /htdocs/ncdsr/logs/wgetExec_890085log http://saci.dgi.inpe.br/intranet/producao/manager/requestDispatcher.php\?reqId=890085 &
entrei no request.class
terminei import do request.class
entrei no request.class
terminei import do request.class
entrei no request.class
terminei import do request.class
entrei no request.class
terminei import do request.class
entrei no request.class
terminei import do request.class
number of users: 1Number of addresses:2 AddrId =  Address: 
entrei no request.class
terminei import do request.class
number of users: 1Number of addresses:2 AddrId =  Address: 
Executing in catalog: /usr/bin/wget -b -a /htdocs/ncdsr/logs/wget.log -O /htdocs/ncdsr/logs/wgetExec_890086log http://saci.dgi.inpe.br/intranet/producao/manager/requestDispatcher.php\?reqId=890086 &
entrei no request.class
terminei import do request.class
entrei no request.class
terminei import do request.class
entrei no request.class
terminei import do request.class
entrei no request.class
terminei import do request.class
number of users: 1Number of addresses:2 AddrId =  Address: 
entrei no request.class
terminei import do request.class
number of users: 1Number of addresses:2 AddrId =  Address: 
Executing in catalog: /usr/bin/wget -b -a /htdocs/ncdsr/logs/wget.log -O /htdocs/ncdsr/logs/wgetExec_890087log http://saci.dgi.inpe.br/intranet/producao/manager/requestDispatcher.php\?reqId=890087 &
entrei no request.class
terminei import do request.class
entrei no request.class
terminei import do request.class
entrei no request.class
terminei import do request.class
entrei no request.class
terminei import do request.class
number of users: 1Number of addresses:2 AddrId =  Address: 
entrei no request.class
terminei import do request.class
number of users: 1Number of addresses:2 AddrId =  Address: 
Executing in catalog: /usr/bin/wget -b -a /htdocs/ncdsr/logs/wget.log -O /htdocs/ncdsr/logs/wgetExec_890088log http://saci.dgi.inpe.br/intranet/producao/manager/requestDispatcher.php\?reqId=890088 &
entrei no request.class
terminei import do request.class
entrei no request.class
terminei import do request.class
entrei no request.class
terminei import do request.class
entrei no request.class
terminei import do request.class
number of users: 1Number of addresses:2 AddrId =  Address: 
entrei no request.class
terminei import do request.class
number of users: 1Number of addresses:2 AddrId =  Address: 
Executing in catalog: /usr/bin/wget -b -a /htdocs/ncdsr/logs/wget.log -O /htdocs/ncdsr/logs/wgetExec_890089log http://saci.dgi.inpe.br/intranet/producao/manager/requestDispatcher.php\?reqId=890089 &
/htdocs/ncdsr/index.php:34:Entrei
entrei no request.class
terminei import do request.class
entrei no request.class
terminei import do request.class
entrei no request.class
terminei import do request.class
entrei no request.class
terminei import do request.class
entrei no request.class
terminei import do request.class
number of users: 1Number of addresses:2 AddrId =  Address: 
entrei no request.class
terminei import do request.class
number of users: 1Number of addresses:2 AddrId =  Address: 
Executing in catalog: /usr/bin/wget -b -a /htdocs/ncdsr/logs/wget.log -O /htdocs/ncdsr/logs/wgetExec_890090log http://saci.dgi.inpe.br/intranet/producao/manager/requestDispatcher.php\?reqId=890090 &
/htdocs/ncdsr/index.php:34:Entrei
/htdocs/ncdsr/index.php:34:Entrei
entrei no request.class
terminei import do request.class
entrei no request.class
terminei import do request.class
entrei no request.class
terminei import do request.class
entrei no request.class
terminei import do request.class
entrei no request.class
terminei import do request.class
entrei no request.class
terminei import do request.class
number of users: 1Number of addresses:2 AddrId =  Address: 
entrei no request.class
terminei import do request.class
number of users: 1Number of addresses:2 AddrId =  Address: 
*** - Executing in catalog: /usr/bin/wget -b -a /htdocs/ncdsr/logs/wget.log -O /htdocs/ncdsr/logs/wgetExec_890091log http://saci.dgi.inpe.br/intranet/producao/manager/requestDispatcher.php\?reqId=890091 &
/htdocs/ncdsr/index.php:34:Entrei
/htdocs/ncdsr/index.php:34:Entrei
/htdocs/ncdsr/index.php:34:Entrei
/htdocs/ncdsr/index.php:34:Entrei
/htdocs/ncdsr/index.php:34:Entrei
entrei no request.class
terminei import do request.class
entrei no request.class
terminei import do request.class
entrei no request.class
terminei import do request.class
entrei no request.class
terminei import do request.class
entrei no request.class
terminei import do request.class
entrei no request.class
terminei import do request.class
number of users: 1Number of addresses:2 AddrId =  Address: 
entrei no request.class
terminei import do request.class
number of users: 1Number of addresses:2 AddrId =  Address: 
*** - Executing in catalog: /usr/bin/wget -b -a /htdocs/ncdsr/logs/wget.log -O /htdocs/ncdsr/logs/wgetExec_890092log http://saci.dgi.inpe.br/intranet/producao/manager/requestDispatcher.php\?reqId=890092 &
entrei no request.class
terminei import do request.class
entrei no request.class
terminei import do request.class
/htdocs/ncdsr/index.php:34:Entrei
entrei no request.class
terminei import do request.class
entrei no request.class
terminei import do request.class
entrei no request.class
terminei import do request.class
number of users: 1Number of addresses:2 AddrId =  Address: 
entrei no request.class
terminei import do request.class
number of users: 1Number of addresses:2 AddrId =  Address: 
*** - Executing in catalog: /usr/bin/wget -b -a /htdocs/ncdsr/logs/wget.log -O /htdocs/ncdsr/logs/wgetExec_890093log http://saci.dgi.inpe.br/intranet/producao/manager/requestDispatcher.php\?reqId=890093 &
entrei no request.class
terminei import do request.class
entrei no request.class
terminei import do request.class
entrei no request.class
terminei import do request.class
entrei no request.class
terminei import do request.class
entrei no request.class
terminei import do request.class
entrei no request.class
terminei import do request.class
entrei no request.class
terminei import do request.class
/htdocs/ncdsr/index.php:34:Entrei
entrei no request.class
terminei import do request.class
/htdocs/ncdsr/index.php:34:Entrei
/htdocs/ncdsr/index.php:34:Entrei
/htdocs/ncdsr/index.php:34:Entrei
/htdocs/ncdsr/index.php:34:Entrei
entrei no request.class
terminei import do request.class
entrei no request.class
terminei import do request.class
/htdocs/ncdsr/index.php:34:Entrei
/htdocs/ncdsr/index.php:34:Entrei
/htdocs/ncdsr/index.php:34:Entrei
/htdocs/ncdsr/index.php:34:Entrei
/htdocs/ncdsr/index.php:34:Entrei
/htdocs/ncdsr/index.php:34:Entrei
/htdocs/ncdsr/index.php:34:Entrei
/htdocs/ncdsr/index.php:34:Entrei
/htdocs/ncdsr/index.php:34:Entrei
/htdocs/ncdsr/index.php:36:Entrei
/htdocs/ncdsr/index.php:36:Entrei
/htdocs/ncdsr/index.php:36:Entrei
/htdocs/ncdsr/index.php:37:Entrei
/htdocs/ncdsr/index.php:37:Entrei
/htdocs/ncdsr/index.php:37:Entrei
/htdocs/ncdsr/index.php:38:Entrei
/htdocs/ncdsr/index.php:38:Entrei
/htdocs/ncdsr/index.php:38:Entrei
/htdocs/ncdsr/index.php:37:Entrei
/htdocs/ncdsr/index.php:37:Entrei
/htdocs/ncdsr/index.php:37:Entrei
/htdocs/ncdsr/index.php:37:Entrei
entrei no request.class
terminei import do request.class
entrei no request.class
terminei import do request.class
/htdocs/ncdsr/index.php:37:Entrei
/htdocs/ncdsr/index.php:37:Entrei
/htdocs/ncdsr/index.php:37:Entrei
/htdocs/ncdsr/index.php:37:Entrei
/htdocs/ncdsr/index.php:37:Entrei
/htdocs/ncdsr/index.php:37:Entrei
entrei no request.class
terminei import do request.class
/htdocs/ncdsr/index.php:38:Entrei
/htdocs/ncdsr/index.php:38:Entrei
/htdocs/ncdsr/index.php:38:Entrei
/htdocs/ncdsr/index.php:38:Entrei
/htdocs/ncdsr/index.php:38:Entrei
/htdocs/ncdsr/index.php:38:Entrei
/htdocs/ncdsr/index.php:38:Entrei
/htdocs/ncdsr/index.php:38:Entrei
/htdocs/ncdsr/index.php:38:Entrei
entrei no request.class
terminei import do request.class
/htdocs/ncdsr/index.php:38:Entrei
entrei no request.class
terminei import do request.class
entrei no request.class
terminei import do request.class
entrei no request.class
terminei import do request.class
entrei no request.class
terminei import do request.class
/htdocs/ncdsr/index.php:38:Entrei
/htdocs/ncdsr/index.php:38:Entrei
/htdocs/ncdsr/index.php:38:Entrei
/htdocs/ncdsr/index.php:38:Entrei
/htdocs/ncdsr/index.php:38:Entrei
entrei no request.class
terminei import do request.class
entrei no request.class
terminei import do request.class
entrei no request.class
terminei import do request.class
entrei no request.class
terminei import do request.class
/htdocs/ncdsr/index.php:38:Entrei
entrei no request.class
terminei import do request.class
/htdocs/ncdsr/index.php:38:Entrei
/htdocs/ncdsr/index.php:38:Entrei
entrei no request.class
terminei import do request.class
entrei no request.class
terminei import do request.class
entrei no request.class
terminei import do request.class
entrei no request.class
terminei import do request.class
/htdocs/ncdsr/index.php:38:Entrei
/htdocs/ncdsr/index.php:38:Entrei
entrei no request.class
terminei import do request.class
/htdocs/ncdsr/index.php:38:Entrei
entrei no request.class
terminei import do request.class
entrei no request.class
terminei import do request.class
/htdocs/ncdsr/index.php:38:Entrei
entrei no request.class
terminei import do request.class
entrei no request.class
terminei import do request.class
entrei no request.class
terminei import do request.class
/htdocs/ncdsr/index.php:38:Entrei
/htdocs/ncdsr/index.php:38:Entrei
/htdocs/ncdsr/index.php:38:Entrei
entrei no request.class
terminei import do request.class
entrei no request.class
terminei import do request.class
/htdocs/ncdsr/index.php:38:Entrei
/htdocs/ncdsr/index.php:38:Entrei
/htdocs/ncdsr/index.php:38:Entrei
/htdocs/ncdsr/index.php:38:Entrei
/htdocs/ncdsr/index.php:38:Entrei
/htdocs/ncdsr/index.php:38:Entrei
/htdocs/ncdsr/index.php:38:Entrei
entrei no request.class
terminei import do request.class
entrei no request.class
terminei import do request.class
entrei no request.class
terminei import do request.class
/htdocs/ncdsr/index.php:38:Entrei
/htdocs/ncdsr/index.php:38:Entrei
/htdocs/ncdsr/index.php:38:Entrei
/htdocs/ncdsr/index.php:46:Entrei
/htdocs/ncdsr/index.php:46:Entrei
/htdocs/ncdsr/index.php:46:Entrei
/htdocs/ncdsr/index.php:46:Entrei
/htdocs/ncdsr/index.php:46:Entrei
/htdocs/ncdsr/index.php:46:Entrei
/htdocs/ncdsr/index.php:46:Entrei
/htdocs/ncdsr/index.php:46:Entrei
entrei no request.class
terminei import do request.class
entrei no request.class
terminei import do request.class
/htdocs/ncdsr/index.php:46:Entrei
/htdocs/ncdsr/index.php:46:Entrei
entrei no request.class
terminei import do request.class
/htdocs/ncdsr/index.php:46:Entrei
/htdocs/ncdsr/index.php:46:Entrei
entrei no request.class
terminei import do request.class
/htdocs/ncdsr/index.php:46:Entrei
/htdocs/ncdsr/index.php:46:Entrei
/htdocs/ncdsr/index.php:46:Entrei
/htdocs/ncdsr/index.php:46:Entrei
/htdocs/ncdsr/index.php:46:Entrei
/htdocs/ncdsr/index.php:46:Entrei
/htdocs/ncdsr/index.php:46:Entrei
/htdocs/ncdsr/index.php:46:Entrei
/htdocs/ncdsr/index.php:46:Entrei
/htdocs/ncdsr/index.php:46:Entrei
/htdocs/ncdsr/index.php:46:Entrei
/htdocs/ncdsr/index.php:46:Entrei
/htdocs/ncdsr/index.php:46:Entrei
/htdocs/ncdsr/index.php:46:Entrei
entrei no request.class
terminei import do request.class
entrei no request.class
terminei import do request.class
entrei no request.class
terminei import do request.class
entrei no request.class
terminei import do request.class
/htdocs/ncdsr/index.php:46:Entrei
/htdocs/ncdsr/index.php:46:Entrei
/htdocs/ncdsr/index.php:46:Entrei
/htdocs/ncdsr/index.php:46:Entrei
/htdocs/ncdsr/index.php:46:Entrei
/htdocs/ncdsr/index.php:46:Entrei
/htdocs/ncdsr/index.php:46:Entrei
/htdocs/ncdsr/index.php:46:Entrei
entrei no request.class
terminei import do request.class
entrei no request.class
terminei import do request.class
entrei no request.class
terminei import do request.class
/htdocs/ncdsr/index.php:46:Entrei
/htdocs/ncdsr/index.php:46:Entrei
/htdocs/ncdsr/index.php:46:Entrei
/htdocs/ncdsr/index.php:46:Entrei
/htdocs/ncdsr/index.php:46:Entrei
/htdocs/ncdsr/index.php:46:Entrei
entrei no request.class
terminei import do request.class
/htdocs/ncdsr/index.php:46:Entrei
/htdocs/ncdsr/index.php:46:Entrei
/htdocs/ncdsr/index.php:46:Entrei
entrei no request.class
terminei import do request.class
entrei no request.class
terminei import do request.class
entrei no request.class
terminei import do request.class
/htdocs/ncdsr/index.php:46:Entrei
entrei no request.class
terminei import do request.class
entrei no request.class
terminei import do request.class
entrei no request.class
terminei import do request.class
/htdocs/ncdsr/index.php:46:Entrei
entrei no request.class
terminei import do request.class
/htdocs/ncdsr/index.php:46:Entrei
entrei no request.class
terminei import do request.class
entrei no request.class
terminei import do request.class
entrei no request.class
terminei import do request.class
entrei no request.class
terminei import do request.class
entrei no request.class
terminei import do request.class
entrei no request.class
terminei import do request.class
/htdocs/ncdsr/index.php:46:Entrei
/htdocs/ncdsr/index.php:46:Entrei
/htdocs/ncdsr/index.php:46:Entrei
entrei no request.class
terminei import do request.class
entrei no request.class
terminei import do request.class
/htdocs/ncdsr/index.php:42:Entrei
entrei no request.class
terminei import do request.class
entrei no request.class
terminei import do request.class
entrei no request.class
terminei import do request.class
entrei no request.class
terminei import do request.class
/htdocs/ncdsr/index.php:42:Entrei
/htdocs/ncdsr/index.php:42:Entrei
entrei no request.class
terminei import do request.class
entrei no request.class
terminei import do request.class
/htdocs/ncdsr/index.php:42:Entrei
/htdocs/ncdsr/index.php:42:Entrei
/htdocs/ncdsr/index.php:42:Entrei
entrei no request.class
terminei import do request.class
entrei no request.class
terminei import do request.class
entrei no request.class
terminei import do request.class
entrei no request.class
terminei import do request.class
entrei no request.class
terminei import do request.class
entrei no request.class
terminei import do request.class
entrei no request.class
terminei import do request.class
entrei no request.class
terminei import do request.class
entrei no request.class
terminei import do request.class
/htdocs/ncdsr/index.php:42:Entrei
/htdocs/ncdsr/index.php:42:Entrei
/htdocs/ncdsr/index.php:42:Entrei
entrei no request.class
terminei import do request.class
/htdocs/ncdsr/index.php:42:Entrei
entrei no request.class
terminei import do request.class
entrei no request.class
terminei import do request.class
entrei no request.class
terminei import do request.class
entrei no request.class
terminei import do request.class
/htdocs/ncdsr/index.php:42:Entrei
entrei no request.class
terminei import do request.class
/htdocs/ncdsr/index.php:42:Entrei
entrei no request.class
terminei import do request.class
entrei no request.class
terminei import do request.class
entrei no request.class
terminei import do request.class
entrei no request.class
terminei import do request.class
/htdocs/ncdsr/index.php:42:Entrei
/htdocs/ncdsr/index.php:42:Entrei
entrei no request.class
terminei import do request.class
entrei no request.class
terminei import do request.class
/htdocs/ncdsr/index.php:42:Entrei
/htdocs/ncdsr/index.php:42:Entrei
/htdocs/ncdsr/index.php:42:Entrei
/htdocs/ncdsr/index.php:42:Entrei
/htdocs/ncdsr/index.php:42:Entrei
/htdocs/ncdsr/index.php:42:Entrei
/htdocs/ncdsr/index.php:42:Entrei
/htdocs/ncdsr/index.php:42:Entrei
/htdocs/ncdsr/index.php:42:Entrei
/htdocs/ncdsr/index.php:42:Entrei
/htdocs/ncdsr/index.php:42:Entrei
/htdocs/ncdsr/index.php:42:Entrei
entrei no request.class
terminei import do request.class
entrei no request.class
terminei import do request.class
entrei no request.class
terminei import do request.class
entrei no request.class
terminei import do request.class
entrei no request.class
terminei import do request.class
entrei no request.class
terminei import do request.class
entrei no request.class
terminei import do request.class
entrei no request.class
terminei import do request.class
/htdocs/ncdsr/index.php:42:Entrei
/htdocs/ncdsr/index.php:42:Entrei
/htdocs/ncdsr/index.php:42:Entrei
/htdocs/ncdsr/index.php:42:Entrei
/htdocs/ncdsr/index.php:42:Entrei
/htdocs/ncdsr/index.php:42:Entrei
entrei no request.class
terminei import do request.class
entrei no request.class
terminei import do request.class
entrei no request.class
terminei import do request.class
entrei no request.class
terminei import do request.class
entrei no request.class
terminei import do request.class
/htdocs/ncdsr/index.php:42:Entrei
/htdocs/ncdsr/index.php:42:Entrei
entrei no request.class
terminei import do request.class
/htdocs/ncdsr/index.php:42:Entrei
entrei no request.class
terminei import do request.class
entrei no request.class
terminei import do request.class
entrei no request.class
terminei import do request.class
entrei no request.class
terminei import do request.class
/htdocs/ncdsr/index.php:42:Entrei
entrei no request.class
terminei import do request.class
entrei no request.class
terminei import do request.class
entrei no request.class
terminei import do request.class
/htdocs/ncdsr/index.php:42:Entrei
entrei no request.class
terminei import do request.class
entrei no request.class
terminei import do request.class
entrei no request.class
terminei import do request.class
entrei no request.class
terminei import do request.class
/htdocs/ncdsr/index.php:42:Entrei
entrei no request.class
terminei import do request.class
entrei no request.class
terminei import do request.class
/htdocs/ncdsr/index.php:42:Entrei
/htdocs/ncdsr/index.php:42:Entrei
entrei no request.class
terminei import do request.class
/htdocs/ncdsr/index.php:42:Entrei
entrei no request.class
terminei import do request.class
/htdocs/ncdsr/index.php:42:Entrei
/htdocs/ncdsr/index.php:42:Entrei
entrei no request.class
terminei import do request.class
entrei no request.class
terminei import do request.class
/htdocs/ncdsr/index.php:42:Entrei
/htdocs/ncdsr/index.php:42:Entrei
entrei no request.class
terminei import do request.class
/htdocs/ncdsr/index.php:42:Entrei
/htdocs/ncdsr/index.php:42:Entrei
entrei no request.class
terminei import do request.class
/htdocs/ncdsr/index.php:42:Entrei
entrei no request.class
terminei import do request.class
/htdocs/ncdsr/index.php:42:Entrei
/htdocs/ncdsr/index.php:42:Entrei
/htdocs/ncdsr/index.php:42:Entrei
/htdocs/ncdsr/index.php:42:Entrei
/htdocs/ncdsr/index.php:42:Entrei
/htdocs/ncdsr/index.php:42:Entrei
/htdocs/ncdsr/index.php:42:Entrei
entrei no request.class
terminei import do request.class
/htdocs/ncdsr/index.php:42:Entrei
/htdocs/ncdsr/index.php:42:Entrei
entrei no request.class
terminei import do request.class
/htdocs/ncdsr/index.php:42:Entrei
entrei no request.class
terminei import do request.class
entrei no request.class
terminei import do request.class
entrei no request.class
terminei import do request.class
entrei no request.class
terminei import do request.class
entrei no request.class
terminei import do request.class
entrei no request.class
terminei import do request.class
entrei no request.class
terminei import do request.class
entrei no request.class
terminei import do request.class
entrei no request.class
terminei import do request.class
entrei no request.class
terminei import do request.class
entrei no request.class
terminei import do request.class
/htdocs/ncdsr/index.php:42:Entrei
entrei no request.class
terminei import do request.class
/htdocs/ncdsr/index.php:42:Entrei
/htdocs/ncdsr/index.php:42:Entrei
entrei no request.class
terminei import do request.class
entrei no request.class
terminei import do request.class
entrei no request.class
terminei import do request.class
entrei no request.class
terminei import do request.class
entrei no request.class
terminei import do request.class
entrei no request.class
terminei import do request.class
entrei no request.class
terminei import do request.class
/htdocs/ncdsr/index.php:42:Entrei
entrei no request.class
terminei import do request.class
/htdocs/ncdsr/index.php:42:Entrei
entrei no request.class
terminei import do request.class
/htdocs/ncdsr/index.php:42:Entrei
entrei no request.class
terminei import do request.class
/htdocs/ncdsr/index.php:42:Entrei
entrei no request.class
terminei import do request.class
entrei no request.class
terminei import do request.class
entrei no request.class
terminei import do request.class
entrei no request.class
terminei import do request.class
entrei no request.class
terminei import do request.class
entrei no request.class
terminei import do request.class
entrei no request.class
terminei import do request.class
/htdocs/ncdsr/index.php:42:Entrei
entrei no request.class
terminei import do request.class
/htdocs/ncdsr/index.php:42:Entrei
entrei no request.class
terminei import do request.class
/htdocs/ncdsr/index.php:42:Entrei
/htdocs/ncdsr/index.php:42:Entrei
/htdocs/ncdsr/index.php:42:Entrei
/htdocs/ncdsr/index.php:42:Entrei
/htdocs/ncdsr/index.php:42:Entrei
entrei no request.class
terminei import do request.class
entrei no request.class
terminei import do request.class
entrei no request.class
terminei import do request.class
entrei no request.class
terminei import do request.class
entrei no request.class
terminei import do request.class
entrei no request.class
terminei import do request.class
/htdocs/ncdsr/index.php:42:Entrei
entrei no request.class
terminei import do request.class
entrei no request.class
terminei import do request.class
entrei no request.class
terminei import do request.class
entrei no request.class
terminei import do request.class
entrei no request.class
terminei import do request.class
entrei no request.class
terminei import do request.class
entrei no request.class
terminei import do request.class
entrei no request.class
terminei import do request.class
/htdocs/ncdsr/index.php:42:Entrei
entrei no request.class
terminei import do request.class
entrei no request.class
terminei import do request.class
entrei no request.class
terminei import do request.class
entrei no request.class
terminei import do request.class
entrei no request.class
terminei import do request.class
entrei no request.class
terminei import do request.class
entrei no request.class
terminei import do request.class
/htdocs/ncdsr/index.php:42:Entrei
entrei no request.class
terminei import do request.class
entrei no request.class
terminei import do request.class
/htdocs/ncdsr/index.php:42:Entrei
entrei no request.class
terminei import do request.class
entrei no request.class
terminei import do request.class
entrei no request.class
terminei import do request.class
entrei no request.class
terminei import do request.class
/htdocs/ncdsr/index.php:42:Entrei
entrei no request.class
terminei import do request.class
/htdocs/ncdsr/index.php:42:Entrei
entrei no request.class
terminei import do request.class
/htdocs/ncdsr/index.php:42:Entrei
entrei no request.class
terminei import do request.class
/htdocs/ncdsr/index.php:42:Entrei
entrei no request.class
terminei import do request.class
/htdocs/ncdsr/index.php:42:Entrei
/htdocs/ncdsr/index.php:42:Entrei
/htdocs/ncdsr/index.php:42:Entrei
/htdocs/ncdsr/index.php:42:Entrei
/htdocs/ncdsr/index.php:42:Entrei
/htdocs/ncdsr/index.php:42:Entrei
/htdocs/ncdsr/index.php:42:Entrei
/htdocs/ncdsr/index.php:42:Entrei
entrei no request.class
terminei import do request.class
/htdocs/ncdsr/index.php:42:Entrei
/htdocs/ncdsr/index.php:42:Entrei
/htdocs/ncdsr/index.php:42:Entrei
/htdocs/ncdsr/index.php:42:Entrei
/htdocs/ncdsr/index.php:42:Entrei
/htdocs/ncdsr/index.php:42:Entrei
/htdocs/ncdsr/index.php:42:Entrei
/htdocs/ncdsr/index.php:42:Entrei
/htdocs/ncdsr/index.php:42:Entrei
/htdocs/ncdsr/index.php:42:Entrei
/htdocs/ncdsr/index.php:42:Entrei
entrei no request.class
terminei import do request.class
entrei no request.class
terminei import do request.class
/htdocs/ncdsr/index.php:42:Entrei
entrei no request.class
terminei import do request.class
/htdocs/ncdsr/index.php:42:Entrei
/htdocs/ncdsr/index.php:42:Entrei
/htdocs/ncdsr/index.php:42:Entrei
/htdocs/ncdsr/index.php:42:Entrei
/htdocs/ncdsr/index.php:42:Entrei
/htdocs/ncdsr/index.php:42:Entrei
/htdocs/ncdsr/index.php:42:Entrei
/htdocs/ncdsr/index.php:42:Entrei
/htdocs/ncdsr/index.php:42:Entrei
/htdocs/ncdsr/index.php:42:Entrei
/htdocs/ncdsr/index.php:42:Entrei
/htdocs/ncdsr/index.php:42:Entrei
/htdocs/ncdsr/index.php:42:Entrei
/htdocs/ncdsr/index.php:42:Entrei
/htdocs/ncdsr/index.php:42:Entrei
/htdocs/ncdsr/index.php:42:Entrei
/htdocs/ncdsr/index.php:42:Entrei
/htdocs/ncdsr/index.php:42:Entrei
/htdocs/ncdsr/index.php:42:Entrei
/htdocs/ncdsr/index.php:42:Entrei
/htdocs/ncdsr/index.php:42:Entrei
/htdocs/ncdsr/index.php:42:Entrei
/htdocs/ncdsr/index.php:42:Entrei
/htdocs/ncdsr/index.php:42:Entrei
/htdocs/ncdsr/index.php:42:Entrei
/htdocs/ncdsr/index.php:42:Entrei
/htdocs/ncdsr/index.php:42:Entrei
/htdocs/ncdsr/index.php:42:Entrei
/htdocs/ncdsr/index.php:42:Entrei
/htdocs/ncdsr/index.php:42:Entrei
/htdocs/ncdsr/index.php:42:Entrei
/htdocs/ncdsr/index.php:42:Entrei
/htdocs/ncdsr/index.php:42:Entrei
/htdocs/ncdsr/index.php:42:Entrei
/htdocs/ncdsr/index.php:42:Entrei
/htdocs/ncdsr/index.php:42:Entrei
/htdocs/ncdsr/index.php:42:Entrei
/htdocs/ncdsr/index.php:42:Entrei
/htdocs/ncdsr/index.php:42:Entrei
/htdocs/ncdsr/index.php:42:Entrei
/htdocs/ncdsr/index.php:42:Entrei
/htdocs/ncdsr/index.php:42:Entrei
/htdocs/ncdsr/index.php:42:Entrei
/htdocs/ncdsr/index.php:42:Entrei
/htdocs/ncdsr/index.php:42:Entrei
/htdocs/ncdsr/index.php:42:Entrei
/htdocs/ncdsr/index.php:42:Entrei
/htdocs/ncdsr/index.php:42:Entrei
/htdocs/ncdsr/index.php:42:Entrei
/htdocs/ncdsr/index.php:42:Entrei
/htdocs/ncdsr/index.php:42:Entrei
/htdocs/ncdsr/index.php:42:Entrei
/htdocs/ncdsr/index.php:42:Entrei
/htdocs/ncdsr/index.php:42:Entrei
/htdocs/ncdsr/index.php:42:Entrei
/htdocs/ncdsr/index.php:42:Entrei
/htdocs/ncdsr/index.php:42:Entrei
/htdocs/ncdsr/index.php:42:Entrei
/htdocs/ncdsr/index.php:42:Entrei
/htdocs/ncdsr/index.php:42:Entrei
/htdocs/ncdsr/index.php:42:Entrei
/htdocs/ncdsr/index.php:42:Entrei
/htdocs/ncdsr/index.php:42:Entrei
/htdocs/ncdsr/index.php:42:Entrei
/htdocs/ncdsr/index.php:42:Entrei
/htdocs/ncdsr/index.php:42:Entrei
/htdocs/ncdsr/index.php:42:Entrei
/htdocs/ncdsr/index.php:42:Entrei
/htdocs/ncdsr/index.php:42:Entrei
/htdocs/ncdsr/index.php:42:Entrei
/htdocs/ncdsr/index.php:42:Entrei
/htdocs/ncdsr/index.php:42:Entrei
/htdocs/ncdsr/index.php:42:Entrei
/htdocs/ncdsr/index.php:42:Entrei
/htdocs/ncdsr/index.php:42:Entrei
/htdocs/ncdsr/index.php:42:Entrei
/htdocs/ncdsr/index.php:42:Entrei
/htdocs/ncdsr/index.php:42:Entrei
/htdocs/ncdsr/index.php:42:Entrei
/htdocs/ncdsr/index.php:42:Entrei
/htdocs/ncdsr/index.php:42:Entrei
/htdocs/ncdsr/index.php:42:Entrei
/htdocs/ncdsr/index.php:42:Entrei
/htdocs/ncdsr/index.php:42:Entrei
/htdocs/ncdsr/index.php:42:Entrei
/htdocs/ncdsr/index.php:42:Entrei
/htdocs/ncdsr/index.php:42:Entrei
/htdocs/ncdsr/index.php:42:Entrei
/htdocs/ncdsr/index.php:42:Entrei
/htdocs/ncdsr/index.php:42:Entrei
/htdocs/ncdsr/index.php:42:Entrei
/htdocs/ncdsr/index.php:42:Entrei
/htdocs/ncdsr/index.php:42:Entrei
/htdocs/ncdsr/index.php:42:Entrei
/htdocs/ncdsr/index.php:42:Entrei
/htdocs/ncdsr/index.php:42:Entrei
/htdocs/ncdsr/index.php:42:Entrei
/htdocs/ncdsr/index.php:42:Entrei
/htdocs/ncdsr/index.php:42:Entrei
/htdocs/ncdsr/index.php:42:Entrei
/htdocs/ncdsr/index.php:42:Entrei
/htdocs/ncdsr/index.php:42:Entrei
/htdocs/ncdsr/index.php:42:Entrei
/htdocs/ncdsr/index.php:42:Entrei
/htdocs/ncdsr/index.php:42:Entrei
/htdocs/ncdsr/index.php:42:Entrei
/htdocs/ncdsr/index.php:42:Entrei
/htdocs/ncdsr/index.php:42:Entrei
/htdocs/ncdsr/index.php:42:Entrei
/htdocs/ncdsr/index.php:42:Entrei
/htdocs/ncdsr/index.php:42:Entrei
/htdocs/ncdsr/index.php:42:Entrei
/htdocs/ncdsr/index.php:42:Entrei
/htdocs/ncdsr/index.php:42:Entrei
/htdocs/ncdsr/index.php:42:Entrei
/htdocs/ncdsr/index.php:42:Entrei
/htdocs/ncdsr/index.php:42:Entrei
/htdocs/ncdsr/index.php:42:Entrei
/htdocs/ncdsr/index.php:42:Entrei
/htdocs/ncdsr/index.php:42:Entrei
/htdocs/ncdsr/index.php:42:Entrei
/htdocs/ncdsr/index.php:42:Entrei
/htdocs/ncdsr/index.php:42:Entrei
/htdocs/ncdsr/index.php:42:Entrei
/htdocs/ncdsr/index.php:42:Entrei
/htdocs/ncdsr/index.php:42:Entrei
entrei no request.class
terminei import do request.class
entrei no request.class
terminei import do request.class
entrei no request.class
terminei import do request.class
/htdocs/ncdsr/index.php:42:Entrei
/htdocs/ncdsr/index.php:42:Entrei
/htdocs/ncdsr/index.php:42:Entrei
/htdocs/ncdsr/index.php:42:Entrei
/htdocs/ncdsr/index.php:42:Entrei
/htdocs/ncdsr/index.php:42:Entrei
/htdocs/ncdsr/index.php:42:Entrei
/htdocs/ncdsr/index.php:42:Entrei
/htdocs/ncdsr/index.php:42:Entrei
/htdocs/ncdsr/index.php:42:Entrei
/htdocs/ncdsr/index.php:42:Entrei
/htdocs/ncdsr/index.php:42:Entrei
entrei no request.class
terminei import do request.class
entrei no request.class
terminei import do request.class
entrei no request.class
terminei import do request.class
entrei no request.class
terminei import do request.class
entrei no request.class
terminei import do request.class
entrei no request.class
terminei import do request.class
/htdocs/ncdsr/index.php:42:Entrei
/htdocs/ncdsr/index.php:42:Entrei
entrei no request.class
terminei import do request.class
entrei no request.class
terminei import do request.class
entrei no request.class
terminei import do request.class
entrei no request.class
terminei import do request.class
entrei no request.class
terminei import do request.class
entrei no request.class
terminei import do request.class
entrei no request.class
terminei import do request.class
entrei no request.class
terminei import do request.class
/htdocs/ncdsr/index.php:42:Entrei
entrei no request.class
terminei import do request.class
entrei no request.class
terminei import do request.class
entrei no request.class
terminei import do request.class
entrei no request.class
terminei import do request.class
/htdocs/ncdsr/index.php:42:Entrei
entrei no request.class
terminei import do request.class
/htdocs/ncdsr/index.php:42:Entrei
/htdocs/ncdsr/index.php:42:Entrei
entrei no request.class
terminei import do request.class
entrei no request.class
terminei import do request.class
entrei no request.class
terminei import do request.class
entrei no request.class
terminei import do request.class
/htdocs/ncdsr/index.php:42:Entrei
/htdocs/ncdsr/index.php:42:Entrei
/htdocs/ncdsr/index.php:42:Entrei
/htdocs/ncdsr/index.php:42:Entrei
/htdocs/ncdsr/index.php:42:Entrei
/htdocs/ncdsr/index.php:42:Entrei
entrei no request.class
terminei import do request.class
/htdocs/ncdsr/index.php:42:Entrei
/htdocs/ncdsr/index.php:42:Entrei
/htdocs/ncdsr/index.php:42:Entrei
/htdocs/ncdsr/index.php:42:Entrei
/htdocs/ncdsr/index.php:42:Entrei
/htdocs/ncdsr/index.php:42:Entrei
/htdocs/ncdsr/index.php:42:Entrei
/htdocs/ncdsr/index.php:42:Entrei
/htdocs/ncdsr/index.php:42:Entrei
/htdocs/ncdsr/index.php:42:Entrei
/htdocs/ncdsr/index.php:42:Entrei
/htdocs/ncdsr/index.php:42:Entrei
/htdocs/ncdsr/index.php:42:Entrei
/htdocs/ncdsr/index.php:42:Entrei
/htdocs/ncdsr/index.php:42:Entrei
/htdocs/ncdsr/index.php:42:Entrei
/htdocs/ncdsr/index.php:42:Entrei
/htdocs/ncdsr/index.php:42:Entrei
/htdocs/ncdsr/index.php:42:Entrei
/htdocs/ncdsr/index.php:42:Entrei
/htdocs/ncdsr/index.php:42:Entrei
/htdocs/ncdsr/index.php:42:Entrei
/htdocs/ncdsr/index.php:42:Entrei
/htdocs/ncdsr/index.php:42:Entrei
/htdocs/ncdsr/index.php:42:Entrei
/htdocs/ncdsr/index.php:42:Entrei
/htdocs/ncdsr/index.php:42:Entrei
/htdocs/ncdsr/index.php:42:Entrei
/htdocs/ncdsr/index.php:42:Entrei
/htdocs/ncdsr/index.php:42:Entrei
/htdocs/ncdsr/index.php:42:Entrei
/htdocs/ncdsr/index.php:42:Entrei
/htdocs/ncdsr/index.php:42:Entrei
/htdocs/ncdsr/index.php:42:Entrei
/htdocs/ncdsr/index.php:42:Entrei
/htdocs/ncdsr/index.php:42:Entrei
/htdocs/ncdsr/index.php:42:Entrei
/htdocs/ncdsr/index.php:42:Entrei
/htdocs/ncdsr/index.php:42:Entrei
/htdocs/ncdsr/index.php:42:Entrei
/htdocs/ncdsr/index.php:42:Entrei
entrei no request.class
terminei import do request.class
/htdocs/ncdsr/index.php:42:Entrei
entrei no request.class
terminei import do request.class
entrei no request.class
terminei import do request.class
entrei no request.class
terminei import do request.class
entrei no request.class
terminei import do request.class
entrei no request.class
terminei import do request.class
entrei no request.class
terminei import do request.class
/htdocs/ncdsr/index.php:42:Entrei
/htdocs/ncdsr/index.php:42:Entrei
/htdocs/ncdsr/index.php:42:Entrei
/htdocs/ncdsr/index.php:42:Entrei
/htdocs/ncdsr/index.php:42:Entrei
/htdocs/ncdsr/index.php:42:Entrei
/htdocs/ncdsr/index.php:42:Entrei
/htdocs/ncdsr/index.php:42:Entrei
/htdocs/ncdsr/index.php:42:Entrei
/htdocs/ncdsr/index.php:42:Entrei
/htdocs/ncdsr/index.php:42:Entrei
entrei no request.class
terminei import do request.class
entrei no request.class
terminei import do request.class
entrei no request.class
terminei import do request.class
entrei no request.class
terminei import do request.class
entrei no request.class
terminei import do request.class
entrei no request.class
terminei import do request.class
entrei no request.class
terminei import do request.class
entrei no request.class
terminei import do request.class
/htdocs/ncdsr/index.php:42:Entrei
entrei no request.class
terminei import do request.class
/htdocs/ncdsr/index.php:42:Entrei
entrei no request.class
terminei import do request.class
/htdocs/ncdsr/index.php:44:Entrei
/htdocs/ncdsr/index.php:44:Entrei
/htdocs/ncdsr/index.php:44:Entrei
/htdocs/ncdsr/index.php:44:Entrei
/htdocs/ncdsr/index.php:44:Entrei
entrei no request.class
terminei import do request.class
entrei no request.class
terminei import do request.class
entrei no request.class
terminei import do request.class
entrei no request.class
terminei import do request.class
/htdocs/ncdsr/index.php:44:Entrei
entrei no request.class
terminei import do request.class
/htdocs/ncdsr/index.php:44:Entrei
entrei no request.class
terminei import do request.class
entrei no request.class
terminei import do request.class
entrei no request.class
terminei import do request.class
entrei no request.class
terminei import do request.class
entrei no request.class
terminei import do request.class
entrei no request.class
terminei import do request.class
entrei no request.class
terminei import do request.class
entrei no request.class
terminei import do request.class
entrei no request.class
terminei import do request.class
entrei no request.class
terminei import do request.class
/htdocs/ncdsr/index.php:44:Entrei
/htdocs/ncdsr/index.php:44:Entrei
/htdocs/ncdsr/index.php:44:Entrei
/htdocs/ncdsr/index.php:44:Entrei
/htdocs/ncdsr/index.php:44:Entrei
/htdocs/ncdsr/index.php:44:Entrei
/htdocs/ncdsr/index.php:44:Entrei
/htdocs/ncdsr/index.php:44:Entrei
/htdocs/ncdsr/index.php:44:Entrei
/htdocs/ncdsr/index.php:44:Entrei
/htdocs/ncdsr/index.php:44:Entrei
/htdocs/ncdsr/index.php:44:Entrei
/htdocs/ncdsr/index.php:43:Entrei
/htdocs/ncdsr/index.php:43:Entrei
/htdocs/ncdsr/index.php:43:Entrei
/htdocs/ncdsr/index.php:43:Entrei
/htdocs/ncdsr/index.php:43:Entrei
/htdocs/ncdsr/index.php:43:Entrei
/htdocs/ncdsr/index.php:43:Entrei
/htdocs/ncdsr/index.php:43:Entrei
/htdocs/ncdsr/index.php:43:Entrei
/htdocs/ncdsr/index.php:43:Entrei
/htdocs/ncdsr/index.php:43:Entrei
/htdocs/ncdsr/index.php:43:Entrei
/htdocs/ncdsr/index.php:43:Entrei
/htdocs/ncdsr/index.php:43:Entrei
/htdocs/ncdsr/index.php:43:Entrei
/htdocs/ncdsr/index.php:43:Entrei
/htdocs/ncdsr/index.php:43:Entrei
/htdocs/ncdsr/index.php:43:Entrei
/htdocs/ncdsr/index.php:43:Entrei
/htdocs/ncdsr/index.php:43:Entrei
/htdocs/ncdsr/index.php:43:Entrei
/htdocs/ncdsr/index.php:43:Entrei
/htdocs/ncdsr/index.php:43:Entrei
/htdocs/ncdsr/index.php:43:Entrei
/htdocs/ncdsr/index.php:43:Entrei
/htdocs/ncdsr/index.php:43:Entrei
/htdocs/ncdsr/index.php:43:Entrei
/htdocs/ncdsr/index.php:43:Entrei
/htdocs/ncdsr/index.php:43:Entrei
/htdocs/ncdsr/index.php:43:Entrei
/htdocs/ncdsr/index.php:43:Entrei
/htdocs/ncdsr/index.php:43:Entrei
/htdocs/ncdsr/index.php:44:Entrei
/htdocs/ncdsr/index.php:44:Entrei
/htdocs/ncdsr/index.php:44:Entrei
/htdocs/ncdsr/index.php:44:Entrei
/htdocs/ncdsr/index.php:44:Entrei
/htdocs/ncdsr/index.php:44:Entrei
/htdocs/ncdsr/index.php:44:Entrei
/htdocs/ncdsr/index.php:44:Entrei
/htdocs/ncdsr/index.php:44:Entrei
/htdocs/ncdsr/index.php:44:Entrei
/htdocs/ncdsr/index.php:44:Entrei
/htdocs/ncdsr/index.php:44:Entrei
/htdocs/ncdsr/index.php:44:Entrei
/htdocs/ncdsr/index.php:44:Entrei
/htdocs/ncdsr/index.php:44:Entrei
/htdocs/ncdsr/index.php:44:Entrei
/htdocs/ncdsr/index.php:44:Entrei
/htdocs/ncdsr/index.php:44:Entrei
/htdocs/ncdsr/index.php:44:Entrei
/htdocs/ncdsr/index.php:44:Entrei
/htdocs/ncdsr/index.php:44:Entrei
/htdocs/ncdsr/index.php:44:Entrei
/htdocs/ncdsr/index.php:44:Entrei
/htdocs/ncdsr/index.php:44:Entrei
entrei no request.class
terminei import do request.class
/htdocs/ncdsr/index.php:44:Entrei
entrei no request.class
terminei import do request.class
entrei no request.class
terminei import do request.class
entrei no request.class
terminei import do request.class
entrei no request.class
terminei import do request.class
/htdocs/ncdsr/index.php:44:Entrei
entrei no request.class
terminei import do request.class
/htdocs/ncdsr/index.php:44:Entrei
/htdocs/ncdsr/index.php:44:Entrei
entrei no request.class
terminei import do request.class
entrei no request.class
terminei import do request.class
/htdocs/ncdsr/index.php:44:Entrei
/htdocs/ncdsr/index.php:44:Entrei
/htdocs/ncdsr/index.php:44:Entrei
/htdocs/ncdsr/index.php:44:Entrei
/htdocs/ncdsr/index.php:44:Entrei
entrei no request.class
terminei import do request.class
entrei no request.class
terminei import do request.class
entrei no request.class
terminei import do request.class
entrei no request.class
terminei import do request.class
entrei no request.class
terminei import do request.class
/htdocs/ncdsr/index.php:44:Entrei
/htdocs/ncdsr/index.php:44:Entrei
/htdocs/ncdsr/index.php:44:Entrei
/htdocs/ncdsr/index.php:44:Entrei
entrei no request.class
terminei import do request.class
entrei no request.class
terminei import do request.class
entrei no request.class
terminei import do request.class
entrei no request.class
terminei import do request.class
entrei no request.class
terminei import do request.class
entrei no request.class
terminei import do request.class
entrei no request.class
terminei import do request.class
/htdocs/ncdsr/index.php:44:Entrei
/htdocs/ncdsr/index.php:44:Entrei
/htdocs/ncdsr/index.php:44:Entrei
/htdocs/ncdsr/index.php:44:Entrei
entrei no request.class
terminei import do request.class
/htdocs/ncdsr/index.php:44:Entrei
/htdocs/ncdsr/index.php:44:Entrei
/htdocs/ncdsr/index.php:44:Entrei
/htdocs/ncdsr/index.php:44:Entrei
/htdocs/ncdsr/index.php:44:Entrei
entrei no request.class
terminei import do request.class
/htdocs/ncdsr/index.php:44:Entrei
entrei no request.class
terminei import do request.class
/htdocs/ncdsr/index.php:44:Entrei
entrei no request.class
terminei import do request.class
entrei no request.class
terminei import do request.class
entrei no request.class
terminei import do request.class
/htdocs/ncdsr/index.php:44:Entrei
/htdocs/ncdsr/index.php:44:Entrei
/htdocs/ncdsr/index.php:44:Entrei
/htdocs/ncdsr/index.php:44:Entrei
/htdocs/ncdsr/index.php:44:Entrei
/htdocs/ncdsr/index.php:44:Entrei
/htdocs/ncdsr/index.php:44:Entrei
entrei no request.class
terminei import do request.class
entrei no request.class
terminei import do request.class
entrei no request.class
terminei import do request.class
entrei no request.class
terminei import do request.class
entrei no request.class
terminei import do request.class
entrei no request.class
terminei import do request.class
/htdocs/ncdsr/index.php:44:Entrei
/htdocs/ncdsr/index.php:44:Entrei
/htdocs/ncdsr/index.php:44:Entrei
entrei no request.class
terminei import do request.class
/htdocs/ncdsr/index.php:44:Entrei
entrei no request.class
terminei import do request.class
/htdocs/ncdsr/index.php:44:Entrei
entrei no request.class
terminei import do request.class
/htdocs/ncdsr/index.php:44:Entrei
/htdocs/ncdsr/index.php:44:Entrei
/htdocs/ncdsr/index.php:44:Entrei
entrei no request.class
terminei import do request.class
/htdocs/ncdsr/index.php:44:Entrei
/htdocs/ncdsr/index.php:44:Entrei
/htdocs/ncdsr/index.php:44:Entrei
/htdocs/ncdsr/index.php:44:Entrei
/htdocs/ncdsr/index.php:44:Entrei
/htdocs/ncdsr/index.php:44:Entrei
/htdocs/ncdsr/index.php:44:Entrei
/htdocs/ncdsr/index.php:44:Entrei
/htdocs/ncdsr/index.php:44:Entrei
/htdocs/ncdsr/index.php:44:Entrei
/htdocs/ncdsr/index.php:44:Entrei
/htdocs/ncdsr/index.php:44:Entrei
/htdocs/ncdsr/index.php:44:Entrei
/htdocs/ncdsr/index.php:44:Entrei
/htdocs/ncdsr/index.php:44:Entrei
/htdocs/ncdsr/index.php:44:Entrei
/htdocs/ncdsr/index.php:44:Entrei
/htdocs/ncdsr/index.php:44:Entrei
/htdocs/ncdsr/index.php:44:Entrei
/htdocs/ncdsr/index.php:44:Entrei
/htdocs/ncdsr/index.php:44:Entrei
/htdocs/ncdsr/index.php:44:Entrei
/htdocs/ncdsr/index.php:44:Entrei
/htdocs/ncdsr/index.php:44:Entrei
/htdocs/ncdsr/index.php:44:Entrei
/htdocs/ncdsr/index.php:44:Entrei
/htdocs/ncdsr/index.php:44:Entrei
/htdocs/ncdsr/index.php:44:Entrei
/htdocs/ncdsr/index.php:44:Entrei
/htdocs/ncdsr/index.php:44:Entrei
/htdocs/ncdsr/index.php:44:Entrei
entrei no request.class
terminei import do request.class
entrei no request.class
terminei import do request.class
entrei no request.class
terminei import do request.class
entrei no request.class
terminei import do request.class
entrei no request.class
terminei import do request.class
entrei no request.class
terminei import do request.class
number of users: 1Number of addresses:2 AddrId =  Address: 
entrei no request.class
terminei import do request.class
number of users: 1Number of addresses:2 AddrId =  Address: 
entrei no request.class
terminei import do request.class
number of users: 1Number of addresses:2 AddrId =  Address: 
*** - Executing in catalog: /usr/bin/wget -b -a /htdocs/ncdsr/logs/wget.log -O /htdocs/ncdsr/logs/wgetExec_890094log http://saci.dgi.inpe.br/intranet/producao/manager/requestDispatcher.php\?reqId=890094 &
/htdocs/ncdsr/index.php:44:Entrei
/htdocs/ncdsr/index.php:44:Entrei
/htdocs/ncdsr/index.php:44:Entrei
/htdocs/ncdsr/index.php:44:Entrei
/htdocs/ncdsr/index.php:44:Entrei
entrei no request.class
terminei import do request.class
entrei no request.class
terminei import do request.class
entrei no request.class
terminei import do request.class
entrei no request.class
terminei import do request.class
entrei no request.class
terminei import do request.class
number of users: 1Number of addresses:2 AddrId =  Address: 
entrei no request.class
terminei import do request.class
number of users: 1Number of addresses:2 AddrId =  Address: 
*** - Executing in catalog: /usr/bin/wget -b -a /htdocs/ncdsr/logs/wget.log -O /htdocs/ncdsr/logs/wgetExec_890095log http://saci.dgi.inpe.br/intranet/producao/manager/requestDispatcher.php\?reqId=890095 &
entrei no request.class
terminei import do request.class
entrei no request.class
terminei import do request.class
entrei no request.class
terminei import do request.class
entrei no request.class
terminei import do request.class
number of users: 1Number of addresses:2 AddrId =  Address: 
entrei no request.class
terminei import do request.class
number of users: 1Number of addresses:2 AddrId =  Address: 
*** - Executing in catalog: /usr/bin/wget -b -a /htdocs/ncdsr/logs/wget.log -O /htdocs/ncdsr/logs/wgetExec_890096log http://saci.dgi.inpe.br/intranet/producao/manager/requestDispatcher.php\?reqId=890096 &
entrei no request.class
terminei import do request.class
entrei no request.class
terminei import do request.class
entrei no request.class
terminei import do request.class
entrei no request.class
terminei import do request.class
number of users: 1Number of addresses:2 AddrId =  Address: 
entrei no request.class
terminei import do request.class
number of users: 1Number of addresses:2 AddrId =  Address: 
*** - Executing in catalog: /usr/bin/wget -b -a /htdocs/ncdsr/logs/wget.log -O /htdocs/ncdsr/logs/wgetExec_890097log http://saci.dgi.inpe.br/intranet/producao/manager/requestDispatcher.php\?reqId=890097 &
entrei no request.class
terminei import do request.class
entrei no request.class
terminei import do request.class
entrei no request.class
terminei import do request.class
entrei no request.class
terminei import do request.class
number of users: 1Number of addresses:2 AddrId =  Address: 
entrei no request.class
terminei import do request.class
number of users: 1Number of addresses:2 AddrId =  Address: 
*** - Executing in catalog: /usr/bin/wget -b -a /htdocs/ncdsr/logs/wget.log -O /htdocs/ncdsr/logs/wgetExec_890098log http://saci.dgi.inpe.br/intranet/producao/manager/requestDispatcher.php\?reqId=890098 &
entrei no request.class
terminei import do request.class
entrei no request.class
terminei import do request.class
entrei no request.class
terminei import do request.class
entrei no request.class
terminei import do request.class
number of users: 1Number of addresses:2 AddrId =  Address: 
entrei no request.class
terminei import do request.class
number of users: 1Number of addresses:2 AddrId =  Address: 
*** - Executing in catalog: /usr/bin/wget -b -a /htdocs/ncdsr/logs/wget.log -O /htdocs/ncdsr/logs/wgetExec_890099log http://saci.dgi.inpe.br/intranet/producao/manager/requestDispatcher.php\?reqId=890099 &
entrei no request.class
terminei import do request.class
entrei no request.class
terminei import do request.class
entrei no request.class
terminei import do request.class
entrei no request.class
terminei import do request.class
entrei no request.class
terminei import do request.class
number of users: 1Number of addresses:2 AddrId =  Address: 
entrei no request.class
terminei import do request.class
number of users: 1Number of addresses:2 AddrId =  Address: 
*** - Executing in catalog: /usr/bin/wget -b -a /htdocs/ncdsr/logs/wget.log -O /htdocs/ncdsr/logs/wgetExec_890100log http://saci.dgi.inpe.br/intranet/producao/manager/requestDispatcher.php\?reqId=890100 &
entrei no request.class
terminei import do request.class
entrei no request.class
terminei import do request.class
entrei no request.class
terminei import do request.class
entrei no request.class
terminei import do request.class
number of users: 1Number of addresses:2 AddrId =  Address: 
entrei no request.class
terminei import do request.class
number of users: 1Number of addresses:2 AddrId =  Address: 
*** - Executing in catalog: /usr/bin/wget -b -a /htdocs/ncdsr/logs/wget.log -O /htdocs/ncdsr/logs/wgetExec_890101log http://saci.dgi.inpe.br/intranet/producao/manager/requestDispatcher.php\?reqId=890101 &
/htdocs/ncdsr/index.php:44:Entrei
entrei no request.class
terminei import do request.class
entrei no request.class
terminei import do request.class
entrei no request.class
terminei import do request.class
entrei no request.class
terminei import do request.class
entrei no request.class
terminei import do request.class
entrei no request.class
terminei import do request.class
entrei no request.class
terminei import do request.class
entrei no request.class
terminei import do request.class
entrei no request.class
terminei import do request.class
entrei no request.class
terminei import do request.class
number of users: 1Number of addresses:2 AddrId =  Address: 
entrei no request.class
terminei import do request.class
number of users: 1Number of addresses:2 AddrId =  Address: 
*** - Executing in catalog: /usr/bin/wget -b -a /htdocs/ncdsr/logs/wget.log -O /htdocs/ncdsr/logs/wgetExec_890102log http://saci.dgi.inpe.br/intranet/producao/manager/requestDispatcher.php\?reqId=890102 &
entrei no request.class
terminei import do request.class
entrei no request.class
terminei import do request.class
entrei no request.class
terminei import do request.class
entrei no request.class
terminei import do request.class
number of users: 1Number of addresses:2 AddrId =  Address: 
entrei no request.class
terminei import do request.class
number of users: 1Number of addresses:2 AddrId =  Address: 
*** - Executing in catalog: /usr/bin/wget -b -a /htdocs/ncdsr/logs/wget.log -O /htdocs/ncdsr/logs/wgetExec_890103log http://saci.dgi.inpe.br/intranet/producao/manager/requestDispatcher.php\?reqId=890103 &
entrei no request.class
terminei import do request.class
entrei no request.class
terminei import do request.class
entrei no request.class
terminei import do request.class
entrei no request.class
terminei import do request.class
number of users: 1Number of addresses:2 AddrId =  Address: 
entrei no request.class
terminei import do request.class
number of users: 1Number of addresses:2 AddrId =  Address: 
*** - Executing in catalog: /usr/bin/wget -b -a /htdocs/ncdsr/logs/wget.log -O /htdocs/ncdsr/logs/wgetExec_890104log http://saci.dgi.inpe.br/intranet/producao/manager/requestDispatcher.php\?reqId=890104 &
entrei no request.class
terminei import do request.class
entrei no request.class
terminei import do request.class
entrei no request.class
terminei import do request.class
entrei no request.class
terminei import do request.class
number of users: 1Number of addresses:2 AddrId =  Address: 
entrei no request.class
terminei import do request.class
number of users: 1Number of addresses:2 AddrId =  Address: 
*** - Executing in catalog: /usr/bin/wget -b -a /htdocs/ncdsr/logs/wget.log -O /htdocs/ncdsr/logs/wgetExec_890105log http://saci.dgi.inpe.br/intranet/producao/manager/requestDispatcher.php\?reqId=890105 &
entrei no request.class
terminei import do request.class
entrei no request.class
terminei import do request.class
entrei no request.class
terminei import do request.class
entrei no request.class
terminei import do request.class
number of users: 1Number of addresses:2 AddrId =  Address: 
entrei no request.class
terminei import do request.class
number of users: 1Number of addresses:2 AddrId =  Address: 
*** - Executing in catalog: /usr/bin/wget -b -a /htdocs/ncdsr/logs/wget.log -O /htdocs/ncdsr/logs/wgetExec_890106log http://saci.dgi.inpe.br/intranet/producao/manager/requestDispatcher.php\?reqId=890106 &
entrei no request.class
terminei import do request.class
entrei no request.class
terminei import do request.class
entrei no request.class
terminei import do request.class
entrei no request.class
terminei import do request.class
number of users: 1Number of addresses:2 AddrId =  Address: 
entrei no request.class
terminei import do request.class
number of users: 1Number of addresses:2 AddrId =  Address: 
*** - Executing in catalog: /usr/bin/wget -b -a /htdocs/ncdsr/logs/wget.log -O /htdocs/ncdsr/logs/wgetExec_890107log http://saci.dgi.inpe.br/intranet/producao/manager/requestDispatcher.php\?reqId=890107 &
entrei no request.class
terminei import do request.class
entrei no request.class
terminei import do request.class
entrei no request.class
terminei import do request.class
entrei no request.class
terminei import do request.class
entrei no request.class
terminei import do request.class
number of users: 1Number of addresses:2 AddrId =  Address: 
entrei no request.class
terminei import do request.class
number of users: 1Number of addresses:2 AddrId =  Address: 
*** - Executing in catalog: /usr/bin/wget -b -a /htdocs/ncdsr/logs/wget.log -O /htdocs/ncdsr/logs/wgetExec_890108log http://saci.dgi.inpe.br/intranet/producao/manager/requestDispatcher.php\?reqId=890108 &
entrei no request.class
terminei import do request.class
entrei no request.class
terminei import do request.class
entrei no request.class
terminei import do request.class
entrei no request.class
terminei import do request.class
number of users: 1Number of addresses:2 AddrId =  Address: 
entrei no request.class
terminei import do request.class
number of users: 1Number of addresses:2 AddrId =  Address: 
entrei no request.class
terminei import do request.class
/htdocs/ncdsr/index.php:44:Entrei
entrei no request.class
terminei import do request.class
entrei no request.class
terminei import do request.class
entrei no request.class
terminei import do request.class
number of users: 1Number of addresses:2 AddrId =  Address: 
entrei no request.class
terminei import do request.class
number of users: 1Number of addresses:2 AddrId =  Address: 
*** - Executing in catalog: /usr/bin/wget -b -a /htdocs/ncdsr/logs/wget.log -O /htdocs/ncdsr/logs/wgetExec_890109log http://saci.dgi.inpe.br/intranet/producao/manager/requestDispatcher.php\?reqId=890109 &
entrei no request.class
terminei import do request.class
entrei no request.class
terminei import do request.class
entrei no request.class
terminei import do request.class
entrei no request.class
terminei import do request.class
number of users: 1Number of addresses:2 AddrId =  Address: 
entrei no request.class
terminei import do request.class
number of users: 1Number of addresses:2 AddrId =  Address: 
*** - Executing in catalog: /usr/bin/wget -b -a /htdocs/ncdsr/logs/wget.log -O /htdocs/ncdsr/logs/wgetExec_890110log http://saci.dgi.inpe.br/intranet/producao/manager/requestDispatcher.php\?reqId=890110 &
/htdocs/ncdsr/index.php:44:Entrei
/htdocs/ncdsr/index.php:44:Entrei
/htdocs/ncdsr/index.php:44:Entrei
entrei no request.class
terminei import do request.class
entrei no request.class
terminei import do request.class
entrei no request.class
terminei import do request.class
entrei no request.class
terminei import do request.class
entrei no request.class
terminei import do request.class
entrei no request.class
terminei import do request.class
entrei no request.class
terminei import do request.class
entrei no request.class
terminei import do request.class
entrei no request.class
terminei import do request.class
entrei no request.class
terminei import do request.class
entrei no request.class
terminei import do request.class
entrei no request.class
terminei import do request.class
entrei no request.class
terminei import do request.class
entrei no request.class
terminei import do request.class
entrei no request.class
terminei import do request.class
entrei no request.class
terminei import do request.class
number of users: 1Number of addresses:2 AddrId =  Address: 
entrei no request.class
terminei import do request.class
number of users: 1Number of addresses:2 AddrId =  Address: 
*** - Executing in catalog: /usr/bin/wget -b -a /htdocs/ncdsr/logs/wget.log -O /htdocs/ncdsr/logs/wgetExec_890111log http://saci.dgi.inpe.br/intranet/producao/manager/requestDispatcher.php\?reqId=890111 &
entrei no request.class
terminei import do request.class
entrei no request.class
terminei import do request.class
entrei no request.class
terminei import do request.class
entrei no request.class
terminei import do request.class
number of users: 1Number of addresses:2 AddrId =  Address: 
entrei no request.class
terminei import do request.class
number of users: 1Number of addresses:2 AddrId =  Address: 
*** - Executing in catalog: /usr/bin/wget -b -a /htdocs/ncdsr/logs/wget.log -O /htdocs/ncdsr/logs/wgetExec_890112log http://saci.dgi.inpe.br/intranet/producao/manager/requestDispatcher.php\?reqId=890112 &
entrei no request.class
terminei import do request.class
entrei no request.class
terminei import do request.class
entrei no request.class
terminei import do request.class
entrei no request.class
terminei import do request.class
number of users: 1Number of addresses:2 AddrId =  Address: 
entrei no request.class
terminei import do request.class
number of users: 1Number of addresses:2 AddrId =  Address: 
*** - Executing in catalog: /usr/bin/wget -b -a /htdocs/ncdsr/logs/wget.log -O /htdocs/ncdsr/logs/wgetExec_890113log http://saci.dgi.inpe.br/intranet/producao/manager/requestDispatcher.php\?reqId=890113 &
entrei no request.class
terminei import do request.class
entrei no request.class
terminei import do request.class
entrei no request.class
terminei import do request.class
entrei no request.class
terminei import do request.class
number of users: 1Number of addresses:2 AddrId =  Address: 
entrei no request.class
terminei import do request.class
number of users: 1Number of addresses:2 AddrId =  Address: 
*** - Executing in catalog: /usr/bin/wget -b -a /htdocs/ncdsr/logs/wget.log -O /htdocs/ncdsr/logs/wgetExec_890114log http://saci.dgi.inpe.br/intranet/producao/manager/requestDispatcher.php\?reqId=890114 &
entrei no request.class
terminei import do request.class
entrei no request.class
terminei import do request.class
entrei no request.class
terminei import do request.class
entrei no request.class
terminei import do request.class
number of users: 1Number of addresses:2 AddrId =  Address: 
entrei no request.class
terminei import do request.class
number of users: 1Number of addresses:2 AddrId =  Address: 
*** - Executing in catalog: /usr/bin/wget -b -a /htdocs/ncdsr/logs/wget.log -O /htdocs/ncdsr/logs/wgetExec_890115log http://saci.dgi.inpe.br/intranet/producao/manager/requestDispatcher.php\?reqId=890115 &
entrei no request.class
terminei import do request.class
entrei no request.class
terminei import do request.class
entrei no request.class
terminei import do request.class
entrei no request.class
terminei import do request.class
entrei no request.class
terminei import do request.class
number of users: 1Number of addresses:2 AddrId =  Address: 
entrei no request.class
terminei import do request.class
number of users: 1Number of addresses:2 AddrId =  Address: 
*** - Executing in catalog: /usr/bin/wget -b -a /htdocs/ncdsr/logs/wget.log -O /htdocs/ncdsr/logs/wgetExec_890116log http://saci.dgi.inpe.br/intranet/producao/manager/requestDispatcher.php\?reqId=890116 &
entrei no request.class
terminei import do request.class
entrei no request.class
terminei import do request.class
entrei no request.class
terminei import do request.class
entrei no request.class
terminei import do request.class
entrei no request.class
terminei import do request.class
number of users: 1Number of addresses:2 AddrId =  Address: 
entrei no request.class
terminei import do request.class
number of users: 1Number of addresses:2 AddrId =  Address: 
*** - Executing in catalog: /usr/bin/wget -b -a /htdocs/ncdsr/logs/wget.log -O /htdocs/ncdsr/logs/wgetExec_890117log http://saci.dgi.inpe.br/intranet/producao/manager/requestDispatcher.php\?reqId=890117 &
entrei no request.class
terminei import do request.class
entrei no request.class
terminei import do request.class
entrei no request.class
terminei import do request.class
entrei no request.class
terminei import do request.class
number of users: 1Number of addresses:2 AddrId =  Address: 
entrei no request.class
terminei import do request.class
number of users: 1Number of addresses:2 AddrId =  Address: 
*** - Executing in catalog: /usr/bin/wget -b -a /htdocs/ncdsr/logs/wget.log -O /htdocs/ncdsr/logs/wgetExec_890118log http://saci.dgi.inpe.br/intranet/producao/manager/requestDispatcher.php\?reqId=890118 &
/htdocs/ncdsr/index.php:44:Entrei
entrei no request.class
terminei import do request.class
entrei no request.class
terminei import do request.class
entrei no request.class
terminei import do request.class
entrei no request.class
terminei import do request.class
number of users: 1Number of addresses:2 AddrId =  Address: 
entrei no request.class
terminei import do request.class
number of users: 1Number of addresses:2 AddrId =  Address: 
*** - Executing in catalog: /usr/bin/wget -b -a /htdocs/ncdsr/logs/wget.log -O /htdocs/ncdsr/logs/wgetExec_890119log http://saci.dgi.inpe.br/intranet/producao/manager/requestDispatcher.php\?reqId=890119 &
entrei no request.class
terminei import do request.class
entrei no request.class
terminei import do request.class
entrei no request.class
terminei import do request.class
entrei no request.class
terminei import do request.class
number of users: 1Number of addresses:2 AddrId =  Address: 
entrei no request.class
terminei import do request.class
number of users: 1Number of addresses:2 AddrId =  Address: 
*** - Executing in catalog: /usr/bin/wget -b -a /htdocs/ncdsr/logs/wget.log -O /htdocs/ncdsr/logs/wgetExec_890120log http://saci.dgi.inpe.br/intranet/producao/manager/requestDispatcher.php\?reqId=890120 &
entrei no request.class
terminei import do request.class
entrei no request.class
terminei import do request.class
entrei no request.class
terminei import do request.class
entrei no request.class
terminei import do request.class
number of users: 1Number of addresses:2 AddrId =  Address: 
entrei no request.class
terminei import do request.class
number of users: 1Number of addresses:2 AddrId =  Address: 
*** - Executing in catalog: /usr/bin/wget -b -a /htdocs/ncdsr/logs/wget.log -O /htdocs/ncdsr/logs/wgetExec_890121log http://saci.dgi.inpe.br/intranet/producao/manager/requestDispatcher.php\?reqId=890121 &
entrei no request.class
terminei import do request.class
entrei no request.class
terminei import do request.class
entrei no request.class
terminei import do request.class
entrei no request.class
terminei import do request.class
entrei no request.class
terminei import do request.class
number of users: 1Number of addresses:2 AddrId =  Address: 
entrei no request.class
terminei import do request.class
number of users: 1Number of addresses:2 AddrId =  Address: 
*** - Executing in catalog: /usr/bin/wget -b -a /htdocs/ncdsr/logs/wget.log -O /htdocs/ncdsr/logs/wgetExec_890122log http://saci.dgi.inpe.br/intranet/producao/manager/requestDispatcher.php\?reqId=890122 &
entrei no request.class
terminei import do request.class
entrei no request.class
terminei import do request.class
entrei no request.class
terminei import do request.class
entrei no request.class
terminei import do request.class
number of users: 1Number of addresses:2 AddrId =  Address: 
entrei no request.class
terminei import do request.class
number of users: 1Number of addresses:2 AddrId =  Address: 
*** - Executing in catalog: /usr/bin/wget -b -a /htdocs/ncdsr/logs/wget.log -O /htdocs/ncdsr/logs/wgetExec_890123log http://saci.dgi.inpe.br/producao/manager/requestDispatcher.php\?reqId=890123 &
/htdocs/ncdsr/index.php:44:Entrei
entrei no request.class
terminei import do request.class
entrei no request.class
terminei import do request.class
entrei no request.class
terminei import do request.class
entrei no request.class
terminei import do request.class
entrei no request.class
terminei import do request.class
entrei no request.class
terminei import do request.class
entrei no request.class
terminei import do request.class
entrei no request.class
terminei import do request.class
entrei no request.class
terminei import do request.class
entrei no request.class
terminei import do request.class
entrei no request.class
terminei import do request.class
entrei no request.class
terminei import do request.class
number of users: 1Number of addresses:2 AddrId =  Address: 
entrei no request.class
terminei import do request.class
number of users: 1Number of addresses:2 AddrId =  Address: 
*** - Executing in catalog: /usr/bin/wget -b -a /htdocs/ncdsr/logs/wget.log -O /htdocs/ncdsr/logs/wgetExec_890124log http://saci.dgi.inpe.br/producao/manager/requestDispatcher.php\?reqId=890124 &
entrei no request.class
terminei import do request.class
entrei no request.class
terminei import do request.class
entrei no request.class
terminei import do request.class
entrei no request.class
terminei import do request.class
entrei no request.class
terminei import do request.class
entrei no request.class
terminei import do request.class
entrei no request.class
terminei import do request.class
entrei no request.class
terminei import do request.class
entrei no request.class
terminei import do request.class
entrei no request.class
terminei import do request.class
entrei no request.class
terminei import do request.class
entrei no request.class
terminei import do request.class
entrei no request.class
terminei import do request.class
number of users: 1Number of addresses:2 AddrId =  Address: 
entrei no request.class
terminei import do request.class
number of users: 1Number of addresses:2 AddrId =  Address: 
*** - Executing in catalog: /usr/bin/wget -b -a /htdocs/ncdsr/logs/wget.log -O /htdocs/ncdsr/logs/wgetExec_890125log http://saci.dgi.inpe.br/producao/manager/requestDispatcher.php\?reqId=890125 &
entrei no request.class
terminei import do request.class
entrei no request.class
terminei import do request.class
entrei no request.class
terminei import do request.class
entrei no request.class
terminei import do request.class
entrei no request.class
terminei import do request.class
entrei no request.class
terminei import do request.class
entrei no request.class
terminei import do request.class
entrei no request.class
terminei import do request.class
entrei no request.class
terminei import do request.class
number of users: 1Number of addresses:2 AddrId =  Address: 
entrei no request.class
terminei import do request.class
number of users: 1Number of addresses:2 AddrId =  Address: 
*** - Executing in catalog: /usr/bin/wget -b -a /htdocs/ncdsr/logs/wget.log -O /htdocs/ncdsr/logs/wgetExec_1log http://saci.dgi.inpe.br/producao/manager/requestDispatcher.php\?reqId=1 &
entrei no request.class
terminei import do request.class
entrei no request.class
terminei import do request.class
entrei no request.class
terminei import do request.class
entrei no request.class
terminei import do request.class
/htdocs/ncdsr/index.php:44:Entrei
/htdocs/ncdsr/index.php:44:Entrei
entrei no request.class
terminei import do request.class
entrei no request.class
terminei import do request.class
entrei no request.class
terminei import do request.class
entrei no request.class
terminei import do request.class
entrei no request.class
terminei import do request.class
entrei no request.class
terminei import do request.class
number of users: 1Number of addresses:2 AddrId =  Address: 
entrei no request.class
terminei import do request.class
number of users: 1Number of addresses:2 AddrId =  Address: 
*** - Executing in catalog: /usr/bin/wget -b -a /htdocs/ncdsr/logs/wget.log -O /htdocs/ncdsr/logs/wgetExec_2log http://intranet.dgi.inpe.br/producao/manager/requestDispatcher.php\?reqId=2 &
/htdocs/ncdsr/index.php:44:Entrei
/htdocs/ncdsr/index.php:44:Entrei
entrei no request.class
terminei import do request.class
entrei no request.class
terminei import do request.class
entrei no request.class
terminei import do request.class
entrei no request.class
terminei import do request.class
entrei no request.class
terminei import do request.class
number of users: 1Number of addresses:2 AddrId =  Address: 
entrei no request.class
terminei import do request.class
number of users: 1Number of addresses:2 AddrId =  Address: 
*** - Executing in catalog: /usr/bin/wget -b -a /htdocs/ncdsr/logs/wget.log -O /htdocs/ncdsr/logs/wgetExec_3log http://saci.dgi.inpe.br/producao/manager/requestDispatcher.php\?reqId=3 &
/htdocs/ncdsr/index.php:44:Entrei
entrei no request.class
terminei import do request.class
entrei no request.class
terminei import do request.class
entrei no request.class
terminei import do request.class
entrei no request.class
terminei import do request.class
number of users: 1Number of addresses:2 AddrId =  Address: 
entrei no request.class
terminei import do request.class
number of users: 1Number of addresses:2 AddrId =  Address: 
*** - Executing in catalog: /usr/bin/wget -b -a /htdocs/ncdsr/logs/wget.log -O /htdocs/ncdsr/logs/wgetExec_4log http://saci.dgi.inpe.br/producao/manager/requestDispatcher.php\?reqId=4 &
/htdocs/ncdsr/index.php:44:Entrei
/htdocs/ncdsr/index.php:44:Entrei
entrei no request.class
terminei import do request.class
entrei no request.class
terminei import do request.class
entrei no request.class
terminei import do request.class
entrei no request.class
terminei import do request.class
number of users: 1Number of addresses:2 AddrId =  Address: 
entrei no request.class
terminei import do request.class
number of users: 1Number of addresses:2 AddrId =  Address: 
*** - Executing in catalog: /usr/bin/wget -b -a /htdocs/ncdsr/logs/wget.log -O /htdocs/ncdsr/logs/wgetExec_5log http://saci.dgi.inpe.br/producao/manager/requestDispatcher.php\?reqId=5 &
/htdocs/ncdsr/index.php:44:Entrei
entrei no request.class
terminei import do request.class
/htdocs/ncdsr/index.php:44:Entrei
/htdocs/ncdsr/index.php:44:Entrei
entrei no request.class
terminei import do request.class
entrei no request.class
terminei import do request.class
entrei no request.class
terminei import do request.class
entrei no request.class
terminei import do request.class
entrei no request.class
terminei import do request.class
/htdocs/ncdsr/index.php:44:Entrei
/htdocs/ncdsr/index.php:44:Entrei
/htdocs/ncdsr/index.php:44:Entrei
/htdocs/ncdsr/index.php:44:Entrei
/htdocs/ncdsr/index.php:44:Entrei
/htdocs/ncdsr/index.php:44:Entrei
